[debug] > Exec(early(addDefaultCommands), None, None)
[debug] > Exec(addDefaultCommands, None, None)
[debug] > Exec(early(initialize), None, None)
[debug] > Exec(initialize, None, None)
[debug] > Exec(early(addPluginSbtFile="""C:\Users\aksha\AppData\Local\Temp\idea2.sbt"""), None, None)
[debug] > Exec(addPluginSbtFile="""C:\Users\aksha\AppData\Local\Temp\idea2.sbt""", None, None)
[debug] > Exec(boot, None, None)
[debug] > Exec(writeSbtVersion, None, None)
[debug] > Exec(reload, None, None)
[debug] > Exec(sbtStashOnFailure, None, None)
[debug] > Exec(onFailure loadFailed, None, None)
[debug] > Exec(loadp, None, None)
[info] welcome to sbt 1.7.3 (Oracle Corporation Java 18.0.2.1)
[debug]       Load.loadUnit: plugins took 59.2728ms
[debug]       Load.loadUnit: defsScala took 0.2096ms
[debug] [Loading] Scanning directory C:\Users\aksha\.sbt\1.0\plugins
[debug] [Loading] Found non-root projects 
[debug] [Loading] Done in C:\Users\aksha\.sbt\1.0\plugins, returning: ()
[debug] deducing auto plugins based on known facts Set(Atom(sbt.plugins.CorePlugin)) and clauses Clauses(Clause(Atom(sbt.plugins.JvmPlugin),Set(Atom(sbt.plugins.IvyPlugin)))
[debug] Clause(Atom(sbt.ScriptedPlugin),Set(Atom(sbt.plugins.JvmPlugin)))
[debug] Clause(Atom(sbt.plugins.SbtPlugin),Set(Atom(sbt.ScriptedPlugin)))
[debug] Clause(Atom(sbt.plugins.SemanticdbPlugin),Set(Atom(sbt.plugins.JvmPlugin)))
[debug] Clause(Atom(sbt.plugins.JUnitXmlReportPlugin),Set(Atom(sbt.plugins.JvmPlugin)))
[debug] Clause(Atom(sbt.plugins.MiniDependencyTreePlugin),Set(Atom(sbt.plugins.JvmPlugin)))
[debug] Clause(Atom(sbt.plugins.CorePlugin),Set(Atom(sbt.plugins.IvyPlugin)))
[debug] Clause(Atom(sbt.plugins.IvyPlugin),Set(Atom(sbt.plugins.JvmPlugin)))
[debug] Clause(Atom(sbt.plugins.JvmPlugin),Set(Atom(sbt.plugins.SemanticdbPlugin)))
[debug] Clause(Atom(sbt.plugins.JvmPlugin),Set(Atom(sbt.plugins.JUnitXmlReportPlugin)))
[debug] Clause(Atom(sbt.plugins.CorePlugin),Set(Atom(sbt.plugins.Giter8TemplatePlugin)))
[debug] Clause(Atom(sbt.plugins.JvmPlugin),Set(Atom(sbt.plugins.MiniDependencyTreePlugin))))
[debug]   :: deduced result: Matched(sbt.plugins.CorePlugin,sbt.plugins.Giter8TemplatePlugin,sbt.plugins.IvyPlugin,sbt.plugins.JvmPlugin,sbt.plugins.MiniDependencyTreePlugin,sbt.plugins.JUnitXmlReportPlugin,sbt.plugins.SemanticdbPlugin)
[debug] Plugins.deducer#function took 17.1392 ms
[debug]           Load.resolveProject(global-plugins) took 29.8879ms
[debug]         Load.loadTransitive: finalizeProject(Project(id global-plugins, base: C:\Users\aksha\.sbt\1.0\plugins, plugins: List(<none>))) took 71.72ms
[debug] [Loading] Done in C:\Users\aksha\.sbt\1.0\plugins, returning: (global-plugins)
[debug]       Load.loadUnit: loadedProjectsRaw took 89.9284ms
[debug]       Load.loadUnit: cleanEvalClasses took 0.2039ms
[debug]     Load.loadUnit(file:/C:/Users/aksha/.sbt/1.0/plugins/, ...) took 158.1976ms
[debug]   Load.apply: load took 278.3913ms
[debug]   Load.apply: resolveProjects took 3.9587ms
[debug]   Load.apply: finalTransforms took 38.0019ms
[debug]   Load.apply: config.delegates took 6.0825ms
[debug]   Load.apply: Def.make(settings)... took 218.6756ms
[debug]   Load.apply: structureIndex took 50.2106ms
[debug]   Load.apply: mkStreams took 0.8465ms
[info] loading global plugins from C:\Users\aksha\.sbt\1.0\plugins
[debug] Running task... Cancel: Signal, check cycles: false, forcegc: true
[debug] Load.defaultLoad until apply took 1239.1836ms
[debug]           Load.loadUnit: plugins took 10.2748ms
[debug]           Load.loadUnit: defsScala took 0.0029ms
[debug] [Loading] Scanning directory C:\Users\aksha\Desktop\UIC\CS 441\Projects\HW3\CS441-CloudSimPlus-HW3\project
[debug]             Load.loadUnit: mkEval took 2.6362ms
[debug] [Loading] Found non-root projects 
[debug] [Loading] Done in C:\Users\aksha\Desktop\UIC\CS 441\Projects\HW3\CS441-CloudSimPlus-HW3\project, returning: ()
[debug] deducing auto plugins based on known facts Set(Atom(sbt.plugins.CorePlugin)) and clauses Clauses(Clause(Atom(sbt.plugins.JvmPlugin),Set(Atom(sbt.plugins.IvyPlugin)))
[debug] Clause(Atom(sbt.ScriptedPlugin),Set(Atom(sbt.plugins.JvmPlugin)))
[debug] Clause(Atom(sbt.plugins.SbtPlugin),Set(Atom(sbt.ScriptedPlugin)))
[debug] Clause(Atom(sbt.plugins.SemanticdbPlugin),Set(Atom(sbt.plugins.JvmPlugin)))
[debug] Clause(Atom(sbt.plugins.JUnitXmlReportPlugin),Set(Atom(sbt.plugins.JvmPlugin)))
[debug] Clause(Atom(sbt.plugins.MiniDependencyTreePlugin),Set(Atom(sbt.plugins.JvmPlugin)))
[debug] Clause(Atom(sbt.plugins.CorePlugin),Set(Atom(sbt.plugins.IvyPlugin)))
[debug] Clause(Atom(sbt.plugins.IvyPlugin),Set(Atom(sbt.plugins.JvmPlugin)))
[debug] Clause(Atom(sbt.plugins.JvmPlugin),Set(Atom(sbt.plugins.SemanticdbPlugin)))
[debug] Clause(Atom(sbt.plugins.JvmPlugin),Set(Atom(sbt.plugins.JUnitXmlReportPlugin)))
[debug] Clause(Atom(sbt.plugins.CorePlugin),Set(Atom(sbt.plugins.Giter8TemplatePlugin)))
[debug] Clause(Atom(sbt.plugins.JvmPlugin),Set(Atom(sbt.plugins.MiniDependencyTreePlugin))))
[debug]   :: deduced result: Matched(sbt.plugins.CorePlugin,sbt.plugins.Giter8TemplatePlugin,sbt.plugins.IvyPlugin,sbt.plugins.JvmPlugin,sbt.plugins.MiniDependencyTreePlugin,sbt.plugins.JUnitXmlReportPlugin,sbt.plugins.SemanticdbPlugin)
[debug] Plugins.deducer#function took 0.9988 ms
[info] loading settings for project cs441-cloudsimplus-hw3-build from idea2.sbt ...
[debug]               Load.resolveProject(cs441-cloudsimplus-hw3-build) took 5.3091ms
[debug]             Load.loadTransitive: finalizeProject(Project(id cs441-cloudsimplus-hw3-build, base: C:\Users\aksha\Desktop\UIC\CS 441\Projects\HW3\CS441-CloudSimPlus-HW3\project, plugins: List(<none>))) took 6.6085ms
[debug] [Loading] Done in C:\Users\aksha\Desktop\UIC\CS 441\Projects\HW3\CS441-CloudSimPlus-HW3\project, returning: (cs441-cloudsimplus-hw3-build)
[debug]           Load.loadUnit: loadedProjectsRaw took 76.2745ms
[debug]           Load.loadUnit: cleanEvalClasses took 3.1523ms
[debug]         Load.loadUnit(file:/C:/Users/aksha/Desktop/UIC/CS%20441/Projects/HW3/CS441-CloudSimPlus-HW3/project/, ...) took 90.3225ms
[debug]       Load.apply: load took 91.2779ms
[debug]       Load.apply: resolveProjects took 0.0932ms
[debug]       Load.apply: finalTransforms took 5.2475ms
[debug]       Load.apply: config.delegates took 0.1821ms
[debug]       Load.apply: Def.make(settings)... took 38.6995ms
[debug]       Load.apply: structureIndex took 15.4113ms
[debug]       Load.apply: mkStreams took 0.0015ms
[info] loading project definition from C:\Users\aksha\Desktop\UIC\CS 441\Projects\HW3\CS441-CloudSimPlus-HW3\project
[debug] Running task... Cancel: Signal, check cycles: false, forcegc: true
[warn] Unrecognized repository Scala Plugin Bundled Repository, ignoring it
[warn] Unrecognized repository Scala Plugin Bundled Repository, ignoring it
[debug]     Load.loadUnit: plugins took 636.2023ms
[debug]     Load.loadUnit: defsScala took 0.0014ms
[debug] [Loading] Scanning directory C:\Users\aksha\Desktop\UIC\CS 441\Projects\HW3\CS441-CloudSimPlus-HW3
[debug]       Load.loadUnit: mkEval took 0.1438ms
[debug] [Loading] Found root project root w/ remaining 
[debug] deducing auto plugins based on known facts Set(Atom(sbt.plugins.CorePlugin)) and clauses Clauses(Clause(Atom(sbt.plugins.JvmPlugin),Set(Atom(sbt.plugins.IvyPlugin)))
[debug] Clause(Atom(sbt.ScriptedPlugin),Set(Atom(sbt.plugins.JvmPlugin)))
[debug] Clause(Atom(sbt.plugins.SbtPlugin),Set(Atom(sbt.ScriptedPlugin)))
[debug] Clause(Atom(sbt.plugins.SemanticdbPlugin),Set(Atom(sbt.plugins.JvmPlugin)))
[debug] Clause(Atom(sbt.plugins.JUnitXmlReportPlugin),Set(Atom(sbt.plugins.JvmPlugin)))
[debug] Clause(Atom(sbt.plugins.MiniDependencyTreePlugin),Set(Atom(sbt.plugins.JvmPlugin)))
[debug] Clause(Atom(org.jetbrains.sbt.StructurePlugin),Set(Atom(sbt.plugins.JvmPlugin)))
[debug] Clause(Atom(org.jetbrains.sbt.IdeaShellPlugin),Set(Atom(sbt.plugins.JvmPlugin)))
[debug] Clause(Atom(org.jetbrains.sbt.indices.SbtIntellijIndicesPlugin),Set(Atom(sbt.plugins.JvmPlugin)))
[debug] Clause(Atom(sbt.plugins.CorePlugin),Set(Atom(sbt.plugins.IvyPlugin)))
[debug] Clause(Atom(sbt.plugins.IvyPlugin),Set(Atom(sbt.plugins.JvmPlugin)))
[debug] Clause(Atom(sbt.plugins.JvmPlugin),Set(Atom(sbt.plugins.SemanticdbPlugin)))
[debug] Clause(Atom(sbt.plugins.JvmPlugin),Set(Atom(sbt.plugins.JUnitXmlReportPlugin)))
[debug] Clause(Atom(sbt.plugins.CorePlugin),Set(Atom(sbt.plugins.Giter8TemplatePlugin)))
[debug] Clause(Atom(sbt.plugins.JvmPlugin),Set(Atom(sbt.plugins.MiniDependencyTreePlugin)))
[debug] Clause(Atom(sbt.plugins.JvmPlugin),Set(Atom(org.jetbrains.sbt.StructurePlugin)))
[debug] Clause(Atom(sbt.plugins.JvmPlugin),Set(Atom(org.jetbrains.sbt.IdeaShellPlugin)))
[debug] Clause(And(Set(Atom(sbt.plugins.CorePlugin), Atom(sbt.plugins.JvmPlugin))),Set(Atom(org.jetbrains.sbt.indices.SbtIntellijIndicesPlugin))))
[debug]   :: deduced result: Matched(sbt.plugins.CorePlugin,sbt.plugins.Giter8TemplatePlugin,sbt.plugins.IvyPlugin,sbt.plugins.JvmPlugin,sbt.plugins.SemanticdbPlugin,org.jetbrains.sbt.indices.SbtIntellijIndicesPlugin,sbt.plugins.JUnitXmlReportPlugin,org.jetbrains.sbt.IdeaShellPlugin,org.jetbrains.sbt.StructurePlugin,sbt.plugins.MiniDependencyTreePlugin)
[debug] Plugins.deducer#function took 1.1601 ms
[info] loading settings for project root from build.sbt ...
[debug]         Load.resolveProject(root) took 22.0728ms
[debug]       Load.loadTransitive: finalizeProject(Project(id root, base: C:\Users\aksha\Desktop\UIC\CS 441\Projects\HW3\CS441-CloudSimPlus-HW3, plugins: List(<none>))) took 24.1999ms
[debug] [Loading] Done in C:\Users\aksha\Desktop\UIC\CS 441\Projects\HW3\CS441-CloudSimPlus-HW3, returning: (root)
[debug]     Load.loadUnit: loadedProjectsRaw took 1312.6294ms
[debug]     Load.loadUnit: cleanEvalClasses took 10.0079ms
[debug]   Load.loadUnit(file:/C:/Users/aksha/Desktop/UIC/CS%20441/Projects/HW3/CS441-CloudSimPlus-HW3/, ...) took 1959.4336ms
[debug] Load.apply: load took 1960.4898ms
[debug] Load.apply: resolveProjects took 0.1044ms
[debug] Load.apply: finalTransforms took 13.4963ms
[debug] Load.apply: config.delegates took 0.1561ms
[debug] Load.apply: Def.make(settings)... took 44.4157ms
[debug] Load.apply: structureIndex took 13.5642ms
[debug] Load.apply: mkStreams took 0.002ms
[info] set current project to CS441-CloudSimPlus-HW3 (in build file:/C:/Users/aksha/Desktop/UIC/CS%20441/Projects/HW3/CS441-CloudSimPlus-HW3/)
[debug] > Exec(sbtPopOnFailure, None, None)
[debug] > Exec(resumeFromFailure, None, None)
[debug] > Exec(notifyUsersAboutShell, None, None)
[debug] > Exec(iflast shell, None, None)
[debug] > Exec(; set ideaPort in Global := 58668 ; idea-shell, None, None)
[debug] > Exec(set ideaPort in Global := 58668, None, None)
[info] Defining Global / ideaPort
[info] The new value will be used by Compile / compile, Test / compile
[debug] Defining 
[debug] 	Global / ideaPort
[debug] 
[debug] The new value will be used by 
[debug] 	Compile / compile
[debug] 	Test / compile
[info] Reapplying settings...
[info] set current project to CS441-CloudSimPlus-HW3 (in build file:/C:/Users/aksha/Desktop/UIC/CS%20441/Projects/HW3/CS441-CloudSimPlus-HW3/)
[debug] > Exec(idea-shell, None, None)
